
Logfile opened on Thu Aug 08 06:23:41 2024

Waited 1191 msec for missing asset "weap_fraggrenade_reload".
Error: Missing soundalias "weap_fraggrenade_reload".
Error: Missing soundalias "weap_fraggrenade_reload".
Error: Missing soundalias "weap_fraggrenade_reload".
Error: Missing soundalias "weap_fraggrenade_reload".
Error: Missing soundalias "weap_fraggrenade_reload".
Error: Missing soundalias "weap_fraggrenade_reload".
Error: Missing soundalias "monkey_land_vox_default".
Error: Missing soundalias "monkey_land_vox_default".
Error: Missing soundalias "monkey_land_vox_bark".
Error: Missing soundalias "monkey_land_vox_brick".
Error: Missing soundalias "monkey_land_vox_carpet".
Error: Missing soundalias "monkey_land_vox_cloth".
Error: Missing soundalias "monkey_land_vox_concrete".
Error: Missing soundalias "monkey_land_vox_dirt".
Error: Missing soundalias "monkey_land_vox_flesh".
Error: Missing soundalias "monkey_land_vox_foliage".
Error: Missing soundalias "monkey_land_vox_glass".
Error: Missing soundalias "monkey_land_vox_grass".
Error: Missing soundalias "monkey_land_vox_gravel".
Error: Missing soundalias "monkey_land_vox_ice".
Error: Missing soundalias "monkey_land_vox_metal".
Error: Missing soundalias "monkey_land_vox_mud".
Error: Missing soundalias "monkey_land_vox_paper".
Error: Missing soundalias "monkey_land_vox_plaster".
Error: Missing soundalias "monkey_land_vox_rock".
Error: Missing soundalias "monkey_land_vox_sand".
Error: Missing soundalias "monkey_land_vox_snow".
Error: Missing soundalias "monkey_land_vox_water".
Error: Missing soundalias "monkey_land_vox_wood".
Error: Missing soundalias "monkey_land_vox_asphalt".
Error: Missing soundalias "monkey_land_vox_ceramic".
Error: Missing soundalias "monkey_land_vox_plastic".
Error: Missing soundalias "monkey_land_vox_rubber".
Error: Missing soundalias "monkey_land_vox_cushion".
Error: Missing soundalias "monkey_land_vox_fruit".
Error: Missing soundalias "monkey_land_vox_paintedmetal".
Error: Missing soundalias "monkey_explo_vox".
Error: Missing soundalias "melee_slice_other".
Error: Missing soundalias "melee_slice".
Error: Could not load material "weapon_striker".
Error: Could not load material "hud_bo_minigun".
Error: Missing soundalias "weap_fraggrenade_reload".
Error: Missing soundalias "weap_fraggrenade_reload".
Error: Missing soundalias "weap_at4_raise_npc".
Error: Missing soundalias "weap_at4_raise_first_npc".
Error: Missing soundalias "weap_at4_drop_npc".
Error: Missing soundalias "melee_slice_other".
Error: Missing soundalias "melee_slice".
      dvar set bg_shock_screenBlurBlendTime 0.4
      dvar set bg_shock_screenFlashWhiteFadeTime 1
      dvar set bg_shock_screenFlashShotFadeTime 1
      dvar set bg_shock_viewKickPeriod 0.75
      dvar set bg_shock_viewKickRadius 0.05
      dvar set bg_shock_viewKickFadeTime 3
      dvar set bg_shock_soundEnd shellshock_end
      dvar set bg_shock_sound 1
      dvar set bg_shock_soundFadeInTime 0.25
      dvar set bg_shock_soundLoopFadeTime 1.5
      dvar set bg_shock_soundLoopEndDelay -3
      dvar set bg_shock_soundModEndDelay 2
      dvar set bg_shock_lookControl 1
      dvar set bg_shock_movement 1
      dvar set bg_shock_volume_physics 0.5
      dvar set bg_shock_volume_auto 0.5
      dvar set bg_shock_volume_auto2 0.5
      dvar set bg_shock_volume_autodog 0.5
      dvar set bg_shock_volume_bulletimpact 0.5
      dvar set bg_shock_volume_bulletwhizby 0.5
      dvar set bg_shock_volume_element 0.5
      dvar set bg_shock_volume_auto2d 0.5
      dvar set bg_shock_volume_vehicle 0.5
      dvar set bg_shock_volume_vehiclelimited 0.5
      dvar set bg_shock_volume_menu 0.5
      dvar set bg_shock_volume_body 0.5
      dvar set bg_shock_volume_body2d 0.5
      dvar set bg_shock_volume_reload 0.5
      dvar set bg_shock_volume_reload2d 0.5
      dvar set bg_shock_volume_item 0.5
      dvar set bg_shock_volume_effects1 0.5
      dvar set bg_shock_volume_effects2 0.5
      dvar set bg_shock_volume_weapon2d 0.5
      dvar set bg_shock_volume_voice 0.5
      dvar set bg_shock_volume_local 0.5
      dvar set bg_shock_volume_local2 0.5
      dvar set bg_shock_volume_ambient 0.5
      dvar set bg_shock_volume_hurt 0.5
      dvar set bg_shock_volume_player1 0.5
      dvar set bg_shock_volume_player2 0.5
      dvar set bg_shock_volume_music 0.5
      dvar set bg_shock_volume_musicnopause 0.5
      dvar set bg_shock_volume_mission 0.5
      dvar set bg_shock_volume_announcer 0.5
      dvar set bg_shock_volume_shellshock 0.5
      dvar set bg_shock_screenFlashWhiteFadeTime 0
      dvar set bg_shock_screenFlashShotFadeTime 0
      dvar set bg_shock_soundLoopFadeTime 2
      dvar set bg_shock_soundLoopEndDelay -1.5
      dvar set bg_shock_soundRoomType underwater
      dvar set bg_shock_soundModEndDelay -0.75
      dvar set bg_shock_volume_physics 0.1
      dvar set bg_shock_volume_auto 0.1
      dvar set bg_shock_volume_auto2 0.1
      dvar set bg_shock_volume_autodog 0.1
      dvar set bg_shock_volume_bulletimpact 0.1
      dvar set bg_shock_volume_bulletwhizby 0.1
      dvar set bg_shock_volume_element 0.1
      dvar set bg_shock_volume_auto2d 0.1
      dvar set bg_shock_volume_vehicle 0.1
      dvar set bg_shock_volume_vehiclelimited 0.1
      dvar set bg_shock_volume_menu 1
      dvar set bg_shock_volume_body 0.1
      dvar set bg_shock_volume_body2d 0.1
      dvar set bg_shock_volume_reload 0.1
      dvar set bg_shock_volume_reload2d 0.1
      dvar set bg_shock_volume_item 0.1
      dvar set bg_shock_volume_effects1 0.1
      dvar set bg_shock_volume_effects2 0.1
      dvar set bg_shock_volume_weapon2d 0.1
      dvar set bg_shock_volume_voice 0.2
      dvar set bg_shock_volume_local 0.1
      dvar set bg_shock_volume_local2 0.1
      dvar set bg_shock_volume_ambient 0.1
      dvar set bg_shock_volume_hurt 0.1
      dvar set bg_shock_volume_player1 0.1
      dvar set bg_shock_volume_player2 0.1
      dvar set bg_shock_volume_music 0.1
      dvar set bg_shock_volume_musicnopause 0.1
      dvar set bg_shock_volume_mission 0.2
      dvar set bg_shock_volume_announcer 1
      dvar set bg_shock_volume_shellshock 1
      dvar set bg_shock_lookControl_maxpitchspeed 45
      dvar set bg_shock_lookControl_maxyawspeed 45
      dvar set bg_shock_screenFlashWhiteFadeTime 1
      dvar set bg_shock_screenFlashShotFadeTime 1
      dvar set bg_shock_soundLoopFadeTime 1.5
      dvar set bg_shock_soundLoopEndDelay -3
      dvar set bg_shock_soundRoomType generic
      dvar set bg_shock_soundModEndDelay 2
      dvar set bg_shock_lookControl_maxpitchspeed 90
      dvar set bg_shock_lookControl_maxyawspeed 90
      dvar set bg_shock_volume_physics 0.5
      dvar set bg_shock_volume_auto 0.5
      dvar set bg_shock_volume_auto2 0.5
      dvar set bg_shock_volume_autodog 0.5
      dvar set bg_shock_volume_bulletimpact 0.5
      dvar set bg_shock_volume_bulletwhizby 0.5
      dvar set bg_shock_volume_element 0.5
      dvar set bg_shock_volume_auto2d 0.5
      dvar set bg_shock_volume_vehicle 0.5
      dvar set bg_shock_volume_vehiclelimited 0.5
      dvar set bg_shock_volume_menu 0.5
      dvar set bg_shock_volume_body 0.5
      dvar set bg_shock_volume_body2d 0.5
      dvar set bg_shock_volume_reload 0.5
      dvar set bg_shock_volume_reload2d 0.5
      dvar set bg_shock_volume_item 0.5
      dvar set bg_shock_volume_effects1 0.5
      dvar set bg_shock_volume_effects2 0.5
      dvar set bg_shock_volume_weapon2d 0.5
      dvar set bg_shock_volume_voice 0.5
      dvar set bg_shock_volume_local 0.5
      dvar set bg_shock_volume_local2 0.5
      dvar set bg_shock_volume_ambient 0.5
      dvar set bg_shock_volume_hurt 0.5
      dvar set bg_shock_volume_player1 0.5
      dvar set bg_shock_volume_player2 0.5
      dvar set bg_shock_volume_music 0.5
      dvar set bg_shock_volume_musicnopause 0.5
      dvar set bg_shock_volume_mission 0.5
      dvar set bg_shock_volume_announcer 0.5
      dvar set bg_shock_volume_shellshock 0.5
      dvar set bg_shock_screenType flashed
      dvar set bg_shock_screenBlurBlendFadeTime 12
      dvar set bg_shock_screenFlashWhiteFadeTime 7.5
      dvar set bg_shock_screenFlashShotFadeTime 15
      dvar set bg_shock_viewKickRadius 0.1
      dvar set bg_shock_soundLoop flashbang_tinnitus_loop
      dvar set bg_shock_soundLoopSilent flashbang_tinnitus_loop_silent
      dvar set bg_shock_soundEnd flashbang_tinnitus_end
      dvar set bg_shock_soundEndAbort flashbang_tinnitus_abort
      dvar set bg_shock_soundFadeInTime 1
      dvar set bg_shock_soundLoopFadeTime 2
      dvar set bg_shock_soundLoopEndDelay -1.5
      dvar set bg_shock_soundRoomType underwater
      dvar set bg_shock_soundDryLevel 0.7
      dvar set bg_shock_soundModEndDelay 0.1
      dvar set bg_shock_volume_menu 1
      dvar set bg_shock_volume_item 1
      dvar set bg_shock_volume_weapon 0.9
      dvar set bg_shock_volume_nonshock 1
      dvar set bg_shock_volume_voice 0.2
      dvar set bg_shock_volume_hurt 0.3
      dvar set bg_shock_volume_player1 0.3
      dvar set bg_shock_volume_player2 0.3
      dvar set bg_shock_volume_music 0.3
      dvar set bg_shock_volume_musicnopause 0.3
      dvar set bg_shock_volume_mission 0.2
      dvar set bg_shock_volume_announcer 1
      dvar set bg_shock_volume_shellshock 1
      dvar set bg_shock_lookControl_maxpitchspeed 35
      dvar set bg_shock_lookControl_maxyawspeed 35
      dvar set bg_shock_lookControl_mousesensitivityscale 0.1
      dvar set bg_shock_screenType blurred
      dvar set bg_shock_screenBlurBlendFadeTime 1
      dvar set bg_shock_screenFlashWhiteFadeTime 1
      dvar set bg_shock_screenFlashShotFadeTime 1
      dvar set bg_shock_viewKickRadius 0.05
      dvar set bg_shock_soundLoop shellshock_loop
      dvar set bg_shock_soundLoopSilent shellshock_loop_silent
      dvar set bg_shock_soundEnd shellshock_end
      dvar set bg_shock_soundEndAbort shellshock_end_abort
      dvar set bg_shock_soundFadeInTime 0.25
      dvar set bg_shock_soundLoopFadeTime 1.5
      dvar set bg_shock_soundLoopEndDelay -3
      dvar set bg_shock_soundRoomType generic
      dvar set bg_shock_soundDryLevel 1
      dvar set bg_shock_soundModEndDelay 2
      dvar set bg_shock_lookControl_maxpitchspeed 90
      dvar set bg_shock_lookControl_maxyawspeed 90
      dvar set bg_shock_lookControl_mousesensitivityscale 0.5
      dvar set bg_shock_volume_menu 0.5
      dvar set bg_shock_volume_item 0.5
      dvar set bg_shock_volume_weapon 0.5
      dvar set bg_shock_volume_nonshock 0.5
      dvar set bg_shock_volume_voice 0.5
      dvar set bg_shock_volume_hurt 0.5
      dvar set bg_shock_volume_player1 0.5
      dvar set bg_shock_volume_player2 0.5
      dvar set bg_shock_volume_music 0.5
      dvar set bg_shock_volume_musicnopause 0.5
      dvar set bg_shock_volume_mission 0.5
      dvar set bg_shock_volume_announcer 0.5
      dvar set bg_shock_volume_shellshock 0.5
      dvar set bg_shock_screenBlurBlendFadeTime 0.2
      dvar set bg_shock_screenFlashWhiteFadeTime 0
      dvar set bg_shock_screenFlashShotFadeTime 0
      dvar set bg_shock_viewKickRadius 0.1
      dvar set bg_shock_viewKickFadeTime 1
      dvar set bg_shock_sound 0
      dvar set bg_shock_soundLoopFadeTime 2
      dvar set bg_shock_soundLoopEndDelay -1.5
      dvar set bg_shock_soundModEndDelay -0.75
      dvar set bg_shock_soundRoomType underwater
      dvar set bg_shock_soundDryLevel 0.6
      dvar set bg_shock_soundWetLevel 0.8
      dvar set bg_shock_volume_physics 0.3
      dvar set bg_shock_volume_auto 0.3
      dvar set bg_shock_volume_auto2 0.3
      dvar set bg_shock_volume_autodog 0.3
      dvar set bg_shock_volume_bulletimpact 0.3
      dvar set bg_shock_volume_bulletwhizby 0.3
      dvar set bg_shock_volume_element 0.3
      dvar set bg_shock_volume_auto2d 0.3
      dvar set bg_shock_volume_vehicle 0.3
      dvar set bg_shock_volume_vehiclelimited 0.3
      dvar set bg_shock_volume_menu 1
      dvar set bg_shock_volume_body 0.3
      dvar set bg_shock_volume_body2d 0.3
      dvar set bg_shock_volume_reload 0.3
      dvar set bg_shock_volume_reload2d 0.3
      dvar set bg_shock_volume_item 0.3
      dvar set bg_shock_volume_effects1 0.3
      dvar set bg_shock_volume_effects2 0.3
      dvar set bg_shock_volume_weapon 0.1
      dvar set bg_shock_volume_weapon2d 0.3
      dvar set bg_shock_volume_nonshock 1
      dvar set bg_shock_volume_voice 0.3
      dvar set bg_shock_volume_local 0.3
      dvar set bg_shock_volume_local2 0.3
      dvar set bg_shock_volume_ambient 0.3
      dvar set bg_shock_volume_hurt 0.3
      dvar set bg_shock_volume_player1 0.3
      dvar set bg_shock_volume_player2 0.3
      dvar set bg_shock_volume_music 0.3
      dvar set bg_shock_volume_musicnopause 0.3
      dvar set bg_shock_volume_mission 0.3
      dvar set bg_shock_volume_announcer 1
      dvar set bg_shock_volume_shellshock 1
      dvar set bg_shock_lookControl_maxpitchspeed 65
      dvar set bg_shock_lookControl_maxyawspeed 65
      dvar set bg_shock_lookControl_mousesensitivityscale 0.4
      dvar set bg_shock_movement 0
Error: Could not load xmodel "weapon_m4gre_sp_silencer_reflex".
Error: Could not load xmodel "weapon_g36".
Error: Could not load xmodel "weapon_crossbow_1".
Error: Could not load xmodel "weapon_mw2_f2000_wm".
Error: Could not load xmodel "weapon_spas12".
Error: Could not load xmodel "weapon_aug".
Error: Could not load xmodel "mw2_mp5k_worldmodel".
Error: Could not load xmodel "mw2_intervention_wm".
      dvar set bg_shock_screenBlurBlendFadeTime 1
      dvar set bg_shock_screenFlashWhiteFadeTime 1
      dvar set bg_shock_screenFlashShotFadeTime 1
      dvar set bg_shock_viewKickRadius 0.05
      dvar set bg_shock_viewKickFadeTime 3
      dvar set bg_shock_sound 1
      dvar set bg_shock_soundLoopFadeTime 1.5
      dvar set bg_shock_soundLoopEndDelay -3
      dvar set bg_shock_soundRoomType generic
      dvar set bg_shock_soundDryLevel 1
      dvar set bg_shock_soundWetLevel 0.5
      dvar set bg_shock_soundModEndDelay 2
      dvar set bg_shock_lookControl_maxpitchspeed 90
      dvar set bg_shock_lookControl_maxyawspeed 90
      dvar set bg_shock_lookControl_mousesensitivityscale 0.5
      dvar set bg_shock_movement 1
      dvar set bg_shock_volume_physics 0.5
      dvar set bg_shock_volume_auto 0.5
      dvar set bg_shock_volume_auto2 0.5
      dvar set bg_shock_volume_autodog 0.5
      dvar set bg_shock_volume_bulletimpact 0.5
      dvar set bg_shock_volume_bulletwhizby 0.5
      dvar set bg_shock_volume_element 0.5
      dvar set bg_shock_volume_auto2d 0.5
      dvar set bg_shock_volume_vehicle 0.5
      dvar set bg_shock_volume_vehiclelimited 0.5
      dvar set bg_shock_volume_menu 0.5
      dvar set bg_shock_volume_body 0.5
      dvar set bg_shock_volume_body2d 0.5
      dvar set bg_shock_volume_reload 0.5
      dvar set bg_shock_volume_reload2d 0.5
      dvar set bg_shock_volume_item 0.5
      dvar set bg_shock_volume_effects1 0.5
      dvar set bg_shock_volume_effects2 0.5
      dvar set bg_shock_volume_weapon 0.5
      dvar set bg_shock_volume_weapon2d 0.5
      dvar set bg_shock_volume_nonshock 0.5
      dvar set bg_shock_volume_voice 0.5
      dvar set bg_shock_volume_local 0.5
      dvar set bg_shock_volume_local2 0.5
      dvar set bg_shock_volume_ambient 0.5
      dvar set bg_shock_volume_hurt 0.5
      dvar set bg_shock_volume_player1 0.5
      dvar set bg_shock_volume_player2 0.5
      dvar set bg_shock_volume_music 0.5
      dvar set bg_shock_volume_musicnopause 0.5
      dvar set bg_shock_volume_mission 0.5
      dvar set bg_shock_volume_announcer 0.5
      dvar set bg_shock_volume_shellshock 0.5
      dvar set bg_shock_screenBlurBlendTime 0.001
      dvar set bg_shock_screenBlurBlendFadeTime 0.001
      dvar set bg_shock_screenFlashWhiteFadeTime 0
      dvar set bg_shock_screenFlashShotFadeTime 0
      dvar set bg_shock_viewKickPeriod 1
      dvar set bg_shock_viewKickRadius 0.65
      dvar set bg_shock_sound 0
      dvar set bg_shock_soundLoopFadeTime 2
      dvar set bg_shock_soundLoopEndDelay -1.5
      dvar set bg_shock_soundModEndDelay -0.75
      dvar set bg_shock_soundRoomType underwater
      dvar set bg_shock_soundDryLevel 0.6
      dvar set bg_shock_soundWetLevel 0.8
      dvar set bg_shock_volume_physics 0.3
      dvar set bg_shock_volume_auto 0.3
      dvar set bg_shock_volume_auto2 0.3
      dvar set bg_shock_volume_autodog 0.3
      dvar set bg_shock_volume_bulletimpact 0.3
      dvar set bg_shock_volume_bulletwhizby 0.3
      dvar set bg_shock_volume_element 0.3
      dvar set bg_shock_volume_auto2d 0.3
      dvar set bg_shock_volume_vehicle 0.3
      dvar set bg_shock_volume_vehiclelimited 0.3
      dvar set bg_shock_volume_menu 1
      dvar set bg_shock_volume_body 0.3
      dvar set bg_shock_volume_body2d 0.3
      dvar set bg_shock_volume_reload 0.3
      dvar set bg_shock_volume_reload2d 0.3
      dvar set bg_shock_volume_item 0.3
      dvar set bg_shock_volume_effects1 0.3
      dvar set bg_shock_volume_effects2 0.3
      dvar set bg_shock_volume_weapon 0.1
      dvar set bg_shock_volume_weapon2d 0.3
      dvar set bg_shock_volume_nonshock 1
      dvar set bg_shock_volume_voice 0.3
      dvar set bg_shock_volume_local 0.3
      dvar set bg_shock_volume_local2 0.3
      dvar set bg_shock_volume_ambient 0.3
      dvar set bg_shock_volume_hurt 0.3
      dvar set bg_shock_volume_player1 0.3
      dvar set bg_shock_volume_player2 0.3
      dvar set bg_shock_volume_music 0.3
      dvar set bg_shock_volume_musicnopause 0.3
      dvar set bg_shock_volume_mission 0.3
      dvar set bg_shock_volume_announcer 1
      dvar set bg_shock_volume_shellshock 1
      dvar set bg_shock_lookControl_maxpitchspeed 65
      dvar set bg_shock_lookControl_maxyawspeed 65
      dvar set bg_shock_lookControl_mousesensitivityscale 0.6
      dvar set bg_shock_screenBlurBlendTime 0.4
      dvar set bg_shock_screenBlurBlendFadeTime 1
      dvar set bg_shock_screenFlashWhiteFadeTime 1
      dvar set bg_shock_screenFlashShotFadeTime 1
      dvar set bg_shock_viewKickPeriod 0.75
      dvar set bg_shock_viewKickRadius 0.05
      dvar set bg_shock_sound 1
      dvar set bg_shock_soundLoopFadeTime 1.5
      dvar set bg_shock_soundLoopEndDelay -3
      dvar set bg_shock_soundRoomType generic
      dvar set bg_shock_soundDryLevel 1
      dvar set bg_shock_soundWetLevel 0.5
      dvar set bg_shock_soundModEndDelay 2
      dvar set bg_shock_lookControl_maxpitchspeed 90
      dvar set bg_shock_lookControl_maxyawspeed 90
      dvar set bg_shock_lookControl_mousesensitivityscale 0.5
      dvar set bg_shock_volume_physics 0.5
      dvar set bg_shock_volume_auto 0.5
      dvar set bg_shock_volume_auto2 0.5
      dvar set bg_shock_volume_autodog 0.5
      dvar set bg_shock_volume_bulletimpact 0.5
      dvar set bg_shock_volume_bulletwhizby 0.5
      dvar set bg_shock_volume_element 0.5
      dvar set bg_shock_volume_auto2d 0.5
      dvar set bg_shock_volume_vehicle 0.5
      dvar set bg_shock_volume_vehiclelimited 0.5
      dvar set bg_shock_volume_menu 0.5
      dvar set bg_shock_volume_body 0.5
      dvar set bg_shock_volume_body2d 0.5
      dvar set bg_shock_volume_reload 0.5
      dvar set bg_shock_volume_reload2d 0.5
      dvar set bg_shock_volume_item 0.5
      dvar set bg_shock_volume_effects1 0.5
      dvar set bg_shock_volume_effects2 0.5
      dvar set bg_shock_volume_weapon 0.5
      dvar set bg_shock_volume_weapon2d 0.5
      dvar set bg_shock_volume_nonshock 0.5
      dvar set bg_shock_volume_voice 0.5
      dvar set bg_shock_volume_local 0.5
      dvar set bg_shock_volume_local2 0.5
      dvar set bg_shock_volume_ambient 0.5
      dvar set bg_shock_volume_hurt 0.5
      dvar set bg_shock_volume_player1 0.5
      dvar set bg_shock_volume_player2 0.5
      dvar set bg_shock_volume_music 0.5
      dvar set bg_shock_volume_musicnopause 0.5
      dvar set bg_shock_volume_mission 0.5
      dvar set bg_shock_volume_announcer 0.5
      dvar set bg_shock_volume_shellshock 0.5
      dvar set bg_shock_screenBlurBlendTime 5
      dvar set bg_shock_screenBlurBlendFadeTime 10
      dvar set bg_shock_screenFlashWhiteFadeTime 0
      dvar set bg_shock_screenFlashShotFadeTime 0
      dvar set bg_shock_viewKickRadius 0.1
      dvar set bg_shock_soundLoop cough_loop
      dvar set bg_shock_soundLoopSilent cough_loop
      dvar set bg_shock_soundEnd cough_end
      dvar set bg_shock_soundEndAbort cough_end
      dvar set bg_shock_soundFadeInTime 1
      dvar set bg_shock_soundFadeOutTime 0.2
      dvar set bg_shock_soundLoopFadeTime 0.2
      dvar set bg_shock_soundLoopEndDelay 1
'default' is not a valid value for dvar 'bg_shock_soundRoomType'
  Domain is one of the following:
   0: generic
   1: paddedcell
   2: room
   3: bathroom
   4: livingroom
   5: stoneroom
   6: auditorium
   7: concerthall
   8: cave
   9: arena
  10: hangar
  11: carpetedhallway
  12: hallway
  13: stonecorridor
  14: alley
  15: forest
  16: city
  17: mountains
  18: quarry
  19: plain
  20: parkinglot
  21: sewerpipe
  22: underwater
  23: drugged
  24: dizzy
  25: psychotic
      dvar set bg_shock_soundDryLevel 0.7
      dvar set bg_shock_soundWetLevel 0
      dvar set bg_shock_soundModEndDelay 0.1
      dvar set bg_shock_volume_physics 0.1
      dvar set bg_shock_volume_auto 0.1
      dvar set bg_shock_volume_auto2 0.1
      dvar set bg_shock_volume_autodog 0.1
      dvar set bg_shock_volume_bulletimpact 0.1
      dvar set bg_shock_volume_bulletwhizby 0.1
      dvar set bg_shock_volume_element 0.1
      dvar set bg_shock_volume_auto2d 0.1
      dvar set bg_shock_volume_vehicle 0.1
      dvar set bg_shock_volume_vehiclelimited 0.1
      dvar set bg_shock_volume_menu 1
      dvar set bg_shock_volume_body 0.1
      dvar set bg_shock_volume_body2d 0.1
      dvar set bg_shock_volume_reload 0.1
      dvar set bg_shock_volume_reload2d 0.1
      dvar set bg_shock_volume_item 0.1
      dvar set bg_shock_volume_effects1 0.1
      dvar set bg_shock_volume_effects2 0.1
      dvar set bg_shock_volume_weapon2d 0.1
      dvar set bg_shock_volume_voice 0.2
      dvar set bg_shock_volume_local 0.1
      dvar set bg_shock_volume_local2 0.1
      dvar set bg_shock_volume_ambient 0.1
      dvar set bg_shock_volume_hurt 0.1
      dvar set bg_shock_volume_player1 0.1
      dvar set bg_shock_volume_player2 0.1
      dvar set bg_shock_volume_music 0.1
      dvar set bg_shock_volume_musicnopause 0.1
      dvar set bg_shock_volume_mission 0.2
      dvar set bg_shock_volume_announcer 1
      dvar set bg_shock_volume_shellshock 1
      dvar set bg_shock_lookControl_maxpitchspeed 20
      dvar set bg_shock_lookControl_maxyawspeed 20
      dvar set bg_shock_lookControl_mousesensitivityscale 0.1
      dvar set 2float 1763.96
      dvar set 2float 1946.3
      dvar set 2float -305.087
      dvar set 2float 1729.44
      dvar set 2float 1772.95
      dvar set 2float -281.06
      dvar set 2float 1642.42
      dvar set 2float 1614.85
      dvar set 2float -261.028
      dvar set 2float 1425.89
      dvar set 2float 1668.09
      dvar set 2float -225.062
      dvar set 2float 1272.11
      dvar set 2float 1679.65
      dvar set 2float -159.011
      dvar set 2float 1158.43
      dvar set 2float 1629.09
      dvar set 2float -80.342
      dvar set 2float 1045.14
      dvar set 2float 1624.78
      dvar set 2float -0.392277
      dvar set 2float 928.944
      dvar set 2float 1620.1
      dvar set 2float -3.52789
      dvar set 2float 795.965
      dvar set 2float 1616.89
      dvar set 2float 8.125
      dvar set 2float 19.81
      dvar set 2float 2010.43
      dvar set 2float 8.125
      dvar set 2float 90.005
      dvar set 2float 1778.96
      dvar set 2float 0.125
      dvar set 2float 100.829
      dvar set 2float 1597.17
      dvar set 2float 8.125
      dvar set 2float 610.748
      dvar set 2float 165.095
      dvar set 2float 8.125
      dvar set 2float 389.505
      dvar set 2float 159.401
      dvar set 2float 8.125
      dvar set 2float 39.9668
      dvar set 2float 159.062
      dvar set 2float 8.125
      dvar set 2float 7.32082
      dvar set 2float 268.991
      dvar set 2float 8.125
      dvar set 2float 3.74844
      dvar set 2float 386.092
      dvar set 2float 8.125
      dvar set 2float -125.626
      dvar set 2float 429.164
      dvar set 2float 8.125
      dvar set 2float -83.3441
      dvar set 2float 685.145
      dvar set 2float 8.125
      dvar set 2float 117.313
      dvar set 2float 426.997
      dvar set 2float 8.125
      dvar set 2float 86.6621
      dvar set 2float 662.121
      dvar set 2float 0.124998
      dvar set 2float 2.44176
      dvar set 2float 790.577
      dvar set 2float 8.125
      dvar set 2float -2118.65
      dvar set 2float -27.6072
      dvar set 2float 8.125
      dvar set 2float -1894.05
      dvar set 2float 4.54413
      dvar set 2float 8.125
      dvar set 2float -1746.88
      dvar set 2float 7.43352
      dvar set 2float 0.124999
      dvar set 2float -1623.35
      dvar set 2float -9.93095
      dvar set 2float -326.525
      dvar set 2float -148.525
      dvar set 2float -82.2822
      dvar set 2float -293.352
      dvar set 2float -184.5
      dvar set 2float -313.6
      dvar set 2float -280.508
      dvar set 2float -256.045
      dvar set 2float -436.03
      dvar set 2float -263.992
      dvar set 2float -461.074
      dvar set 2float -409.52
      dvar set 2float -223.456
      dvar set 2float -639.514
      dvar set 2float -375.478
      dvar set 2float -146.349
      dvar set 2float -767.299
      dvar set 2float -430.695
      dvar set 2float -71.6327
      dvar set 2float -875.292
      dvar set 2float -431.137
      dvar set 2float -0.0656807
      dvar set 2float -980.203
      dvar set 2float -431.259
      dvar set 2float 0.0183562
      dvar set 2float -1132.28
      dvar set 2float -437.681
      dvar set 2float 8.125
      dvar set 2float 10.2809
      dvar set 2float -2117.59
      dvar set 2float 8.125
      dvar set 2float 121.92
      dvar set 2float -1935.99
      dvar set 2float 8.12496
      dvar set 2float 137.059
      dvar set 2float -1808.41
      dvar set 2float 0.124999
      dvar set 2float 132.554
      dvar set 2float -1583.14
      dvar set 2float 8.125
      dvar set 2float -536.1
      dvar set 2float -197.502
      dvar set 2float 8.125
      dvar set 2float -317.08
      dvar set 2float -178.216
      dvar set 2float 8.125
      dvar set 2float -6.45913
      dvar set 2float -155.043
      dvar set 2float 8.125
      dvar set 2float 2.86548
      dvar set 2float -268.802
      dvar set 2float 8.125
      dvar set 2float 1.43949
      dvar set 2float -413.159
      dvar set 2float 8.125
      dvar set 2float 112.104
      dvar set 2float -485.923
      dvar set 2float 8.125
      dvar set 2float 93.803
      dvar set 2float -651.343
      dvar set 2float 0.125001
      dvar set 2float -6.59699
      dvar set 2float -763.184
      dvar set 2float 8.125
      dvar set 2float -114.688
      dvar set 2float -633.384
      dvar set 2float 8.125
      dvar set 2float -107.372
      dvar set 2float -449.241
      dvar set 2float 8.12495
      dvar set 2float 2064.7
      dvar set 2float -28.5627
      dvar set 2float 8.12495
      dvar set 2float 1929.81
      dvar set 2float -70.3737
      dvar set 2float 8.12495
      dvar set 2float 1788.64
      dvar set 2float -60.5746
      dvar set 2float 0.124999
      dvar set 2float 1625.54
      dvar set 2float -13.0102
      dvar set 2float 0.125002
      dvar set 2float 1437.93
      dvar set 2float 3.17612
      dvar set 2float 216.125
      dvar set 2float 974.445
      dvar set 2float 3.16616
      dvar set 2float 216.125
      dvar set 2float 903.567
      dvar set 2float -0.107675
      dvar set 2float 400.125
      dvar set 2float 461.681
      dvar set 2float 1.79835
      dvar set 2float 400.125
      dvar set 2float 372.105
      dvar set 2float 1.83041
      dvar set 2float 400.125
      dvar set 2float 291.467
      dvar set 2float -265.295
      dvar set 2float 400.125
      dvar set 2float -92.1106
      dvar set 2float -385.038
      dvar set 2float 400.125
      dvar set 2float -221.393
      dvar set 2float -241.064
      dvar set 2float 400.125
      dvar set 2float -391.477
      dvar set 2float -2.91937
      dvar set 2float 400.125
      dvar set 2float -216.017
      dvar set 2float 311.686
      dvar set 2float 400.125
      dvar set 2float 47.452
      dvar set 2float 378.583
      dvar set 2float 400.125
      dvar set 2float 282.8
      dvar set 2float 247.844
      dvar set 2float 400.125
      dvar set 2float 18.1808
      dvar set 2float 209.631
      dvar set 2float 400.125
      dvar set 2float 2.02004
      dvar set 2float -200.025
      dvar set 2float 400.125
      dvar set 2float 201.324
      dvar set 2float -13.5148
      dvar set 2float 400.125
      dvar set 2float -196.775
      dvar set 2float 28.1493
      dvar set 2float 0.125
      dvar set 2float -1417.65
      dvar set 2float -5.07044
      dvar set 2float 216.125
      dvar set 2float -864.906
      dvar set 2float 123.154
      dvar set 2float 216.125
      dvar set 2float -599.964
      dvar set 2float 151.705
      dvar set 2float 216.125
      dvar set 2float -425.112
      dvar set 2float 374.816
      dvar set 2float 216.125
      dvar set 2float -215.233
      dvar set 2float 549.062
      dvar set 2float 216.125
      dvar set 2float -7.99054
      dvar set 2float 564.923
      dvar set 2float 216.125
      dvar set 2float 265.376
      dvar set 2float 506.954
      dvar set 2float 216.125
      dvar set 2float 632.352
      dvar set 2float 134.077
      dvar set 2float 216.125
      dvar set 2float 869.345
      dvar set 2float 131.213
      dvar set 2float 216.125
      dvar set 2float 876.431
      dvar set 2float -130.75
      dvar set 2float 216.125
      dvar set 2float 560.171
      dvar set 2float -153.609
      dvar set 2float 216.125
      dvar set 2float 282.53
      dvar set 2float -551.231
      dvar set 2float 216.125
      dvar set 2float 3.22645
      dvar set 2float -581.52
      dvar set 2float 216.125
      dvar set 2float -257.479
      dvar set 2float -531.492
      dvar set 2float 216.125
      dvar set 2float -610.548
      dvar set 2float -133.843
      dvar set 2float 216.125
      dvar set 2float -889.631
      dvar set 2float -106.086
      dvar set 2float 224.125
      dvar set 2float 0.315532
      dvar set 2float -394.19
      dvar set 2float 224.125
      dvar set 2float -321.854
      dvar set 2float -117.052
      dvar set 2float 224.125
      dvar set 2float -328.777
      dvar set 2float 127.791
      dvar set 2float 224.125
      dvar set 2float -13.1339
      dvar set 2float 363.217
      dvar set 2float 224.125
      dvar set 2float 335.635
      dvar set 2float 116.109
      dvar set 2float 224.125
      dvar set 2float 317.79
      dvar set 2float -108.738
      dvar set 2float 224.125
      dvar set 2float 111.11
      dvar set 2float -128.184
      dvar set 2float 224.125
      dvar set 2float -120.612
      dvar set 2float -119.086
      dvar set 2float 224.125
      dvar set 2float 104.177
      dvar set 2float 125.697
      dvar set 2float 224.125
      dvar set 2float -136.82
      dvar set 2float 125.476
      dvar set 2float 199.344
      dvar set 2float 0.781998
      dvar set 2float -825.989
      dvar set 2float 198.198
      dvar set 2float -1.84296
      dvar set 2float 842.455
      dvar set 2float 9.21759
      dvar set 2float 2344.76
      dvar set 2float 1184.59
      dvar set 2float 6.8897
      dvar set 2float 2487.54
      dvar set 2float 546.087
      dvar set 2float 0.955346
      dvar set 2float 2549.61
      dvar set 2float 45.8195
      dvar set 2float 0.536156
      dvar set 2float 2434.86
      dvar set 2float -672.884
      dvar set 2float 0.345967
      dvar set 2float 2225.56
      dvar set 2float -1226.83
      dvar set 2float 1.00357
      dvar set 2float 1839.57
      dvar set 2float -1832.82
      dvar set 2float 0.125146
      dvar set 2float 1449.32
      dvar set 2float -2155.32
      dvar set 2float 21.417
      dvar set 2float 1004.84
      dvar set 2float -2477.57
      dvar set 2float 15.9278
      dvar set 2float 492.122
      dvar set 2float -2654.02
      dvar set 2float 2.53212
      dvar set 2float -32.3866
      dvar set 2float -2657.53
      dvar set 2float 1.83496
      dvar set 2float -528.338
      dvar set 2float -2617.31
      dvar set 2float 2.87143
      dvar set 2float -985.508
      dvar set 2float -2492.85
      dvar set 2float 9.59983
      dvar set 2float -1438.94
      dvar set 2float -2294.55
      dvar set 2float 2.14566
      dvar set 2float -1855.14
      dvar set 2float -1949.88
      dvar set 2float 4.23634
      dvar set 2float -2213.33
      dvar set 2float -1550.22
      dvar set 2float 5.61951
      dvar set 2float -2486.82
      dvar set 2float -1039.36
      dvar set 2float 10.4476
      dvar set 2float -2634.81
      dvar set 2float -552.721
      dvar set 2float 1.16682
      dvar set 2float -2679.77
      dvar set 2float 20.1256
      dvar set 2float 1.55018
      dvar set 2float -2639.83
      dvar set 2float 594.004
      dvar set 2float 10.9466
      dvar set 2float -2397.2
      dvar set 2float 1090.8
      dvar set 2float 9.90047
      dvar set 2float -2032.65
      dvar set 2float 1636.63
      dvar set 2float 10.6839
      dvar set 2float -1596.74
      dvar set 2float 2047.2
      dvar set 2float 15.6442
      dvar set 2float -1095.65
      dvar set 2float 2407.08
      dvar set 2float 6.3452
      dvar set 2float -486.2
      dvar set 2float 2585.41
      dvar set 2float 17.2604
      dvar set 2float 131.738
      dvar set 2float 2621.18
      dvar set 2float 14.8345
      dvar set 2float 932.463
      dvar set 2float 2453.22
      dvar set 2float 30.4534
      dvar set 2float 1348.73
      dvar set 2float 2208.02
      dvar set 2float 0.427478
      dvar set 2float 1772.13
      dvar set 2float 1869.4
      dvar set 2float 16.255
      dvar set 2float 2046.23
      dvar set 2float 1558.74
      dvar set 2float 0.125
      dvar set 2float 1483.79
      dvar set 2float 174.72
      dvar set 2float 0.125
      dvar set 2float 1198.62
      dvar set 2float 505.377
      dvar set 2float 0.125
      dvar set 2float 816.917
      dvar set 2float 820.988
      dvar set 2float 0.125
      dvar set 2float 391.373
      dvar set 2float 1048.68
      dvar set 2float 0.125
      dvar set 2float -69.7398
      dvar set 2float 1069.5
      dvar set 2float 0.125
      dvar set 2float -509.047
      dvar set 2float 985.576
      dvar set 2float 0.125
      dvar set 2float -889.803
      dvar set 2float 829.936
      dvar set 2float 0.125
      dvar set 2float -1228.18
      dvar set 2float 628.463
      dvar set 2float 0.125
      dvar set 2float -1516.26
      dvar set 2float 313.284
      dvar set 2float 0.125
      dvar set 2float -1497.7
      dvar set 2float -367.722
      dvar set 2float 0.125
      dvar set 2float -1266.19
      dvar set 2float -670.313
      dvar set 2float 0.125
      dvar set 2float -961.935
      dvar set 2float -916.086
      dvar set 2float 0.125
      dvar set 2float -566.826
      dvar set 2float -1134.32
      dvar set 2float 0.125
      dvar set 2float -242.112
      dvar set 2float -1222.57
      dvar set 2float 0.125
      dvar set 2float 26.1916
      dvar set 2float -1234.23
      dvar set 2float 0.0473881
      dvar set 2float 24.9326
      dvar set 2float -969.753
      dvar set 2float 0.125002
      dvar set 2float 439.974
      dvar set 2float -1136.24
      dvar set 2float 0.125002
      dvar set 2float 895.855
      dvar set 2float -955.269
      dvar set 2float 0.125002
      dvar set 2float 1290.96
      dvar set 2float -671.781
      dvar set 2float 0.125002
      dvar set 2float 1505.29
      dvar set 2float -339.534
      dvar set 2float 0.124817
      dvar set 2float 222.934
      dvar set 2float 1340.73
      dvar set 2float 0.124997
      dvar set 2float 247.476
      dvar set 2float 935.725
      dvar set 2float 0.124997
      dvar set 2float -262.63
      dvar set 2float 908.585
      dvar set 2float 0.124997
      dvar set 2float -535.874
      dvar set 2float 735.352
      dvar set 2float 0.124845
      dvar set 2float -886.855
      dvar set 2float 518.889
      dvar set 2float 0.124845
      dvar set 2float -1230.3
      dvar set 2float 197.516
      dvar set 2float 0.124998
      dvar set 2float 538.862
      dvar set 2float 742.388
      dvar set 2float 0.124998
      dvar set 2float 898.6
      dvar set 2float 440.096
      dvar set 2float 0.124998
      dvar set 2float 1251.14
      dvar set 2float 198.758
      dvar set 2float 0.106913
      dvar set 2float 566.189
      dvar set 2float 1581.04
      dvar set 2float 0.124998
      dvar set 2float -155.406
      dvar set 2float 1325.89
      dvar set 2float 0.124998
      dvar set 2float -489.395
      dvar set 2float 1243.67
      dvar set 2float 0.124998
      dvar set 2float -882.096
      dvar set 2float 1152.82
      dvar set 2float 0.124998
      dvar set 2float -1277.08
      dvar set 2float 811.639
      dvar set 2float 0.124998
      dvar set 2float -275.484
      dvar set 2float 1615.15
      dvar set 2float 0.124964
      dvar set 2float -565.517
      dvar set 2float 1624.67
      dvar set 2float 0.124964
      dvar set 2float -902.767
      dvar set 2float 1508.9
      dvar set 2float 0.124963
      dvar set 2float -1029.1
      dvar set 2float 1319.69
      dvar set 2float 0.124903
      dvar set 2float -551.156
      dvar set 2float 1408.78
      dvar set 2float 0.124998
      dvar set 2float -828.055
      dvar set 2float 1884.15
      dvar set 2float 0.124998
      dvar set 2float -994.781
      dvar set 2float 2186.1
      dvar set 2float 0.124998
      dvar set 2float -1185.87
      dvar set 2float 1992.93
      dvar set 2float 0.12949
      dvar set 2float -1421.67
      dvar set 2float 1788.32
      dvar set 2float 0.350391
      dvar set 2float -622.778
      dvar set 2float 2336.44
      dvar set 2float 0.125001
      dvar set 2float -468.424
      dvar set 2float 1872.55
      dvar set 2float 0.125001
      dvar set 2float 666.535
      dvar set 2float 1876.1
      dvar set 2float 0.125001
      dvar set 2float 818.451
      dvar set 2float 2238.18
      dvar set 2float 0.124982
      dvar set 2float 415.665
      dvar set 2float 2423.71
      dvar set 2float 0.125002
      dvar set 2float 1200.77
      dvar set 2float 2049.02
      dvar set 2float 0.124978
      dvar set 2float 1538.87
      dvar set 2float 1836
      dvar set 2float 0.124424
      dvar set 2float 1737.03
      dvar set 2float 1476.71
      dvar set 2float 0.123512
      dvar set 2float 1902.64
      dvar set 2float 1100.95
      dvar set 2float 0.0235133
      dvar set 2float 1903.86
      dvar set 2float 731.143
      dvar set 2float 0.125
      dvar set 2float 1736.34
      dvar set 2float 434.146
      dvar set 2float 0.15111
      dvar set 2float 2219.59
      dvar set 2float 798.318
      dvar set 2float 0.124999
      dvar set 2float 1461.62
      dvar set 2float 1484.08
      dvar set 2float 0.124999
      dvar set 2float 1480.9
      dvar set 2float 1029.57
      dvar set 2float 0.124999
      dvar set 2float 1513.2
      dvar set 2float 569.643
      dvar set 2float 0.124702
      dvar set 2float 1257.49
      dvar set 2float 948.978
      dvar set 2float 0.109054
      dvar set 2float 859.609
      dvar set 2float 1325.22
      dvar set 2float -0.149959
      dvar set 2float 1224.06
      dvar set 2float 1399.01
      dvar set 2float 0.124998
      dvar set 2float 1277.02
      dvar set 2float 716.932
      dvar set 2float 0.124998
      dvar set 2float 617.778
      dvar set 2float 1214.25
      dvar set 2float 0.125001
      dvar set 2float 1760.66
      dvar set 2float -632.169
      dvar set 2float 0.125001
      dvar set 2float 2039.53
      dvar set 2float -996.95
      dvar set 2float 0.108371
      dvar set 2float 2262.95
      dvar set 2float -744.111
      dvar set 2float 0.125001
      dvar set 2float 1514.42
      dvar set 2float -1109.63
      dvar set 2float 0.125001
      dvar set 2float 1643.8
      dvar set 2float -1413.58
      dvar set 2float 0.125001
      dvar set 2float 1742.56
      dvar set 2float -1634.21
      dvar set 2float 0.118869
      dvar set 2float 1930.41
      dvar set 2float -1346.92
      dvar set 2float 0.125001
      dvar set 2float 1672.3
      dvar set 2float -892.231
      dvar set 2float 0.124887
      dvar set 2float 1284.2
      dvar set 2float -1774.99
      dvar set 2float 0.124887
      dvar set 2float 932.312
      dvar set 2float -2118.4
      dvar set 2float 0.121193
      dvar set 2float 511.021
      dvar set 2float -2426.22
      dvar set 2float 0.125067
      dvar set 2float 176.771
      dvar set 2float -2483.47
      dvar set 2float 0.125001
      dvar set 2float 721.315
      dvar set 2float -1879.8
      dvar set 2float 0.124926
      dvar set 2float 1364.11
      dvar set 2float -1375.03
      dvar set 2float 0.120522
      dvar set 2float 1021.3
      dvar set 2float -1162.07
      dvar set 2float 0.124999
      dvar set 2float 1200.93
      dvar set 2float -974.83
      dvar set 2float 0.124989
      dvar set 2float 276.038
      dvar set 2float -846.513
      dvar set 2float 0.12497
      dvar set 2float 539.195
      dvar set 2float -1550.22
      dvar set 2float 0.12497
      dvar set 2float 986.218
      dvar set 2float -1674.03
      dvar set 2float 0.124947
      dvar set 2float 1062.05
      dvar set 2float -1382.52
      dvar set 2float 0.124947
      dvar set 2float 670.224
      dvar set 2float -1229.23
      dvar set 2float 0.0372065
      dvar set 2float 1167.78
      dvar set 2float -331.94
      dvar set 2float 0.125002
      dvar set 2float 870.453
      dvar set 2float -541.423
      dvar set 2float 0.125002
      dvar set 2float 488.975
      dvar set 2float -786.166
      dvar set 2float 0.125002
      dvar set 2float 1047.24
      dvar set 2float -672.266
      dvar set 2float 0.125002
      dvar set 2float 1893.29
      dvar set 2float -443.06
      dvar set 2float 0.125
      dvar set 2float -228.89
      dvar set 2float -955.857
      dvar set 2float 0.124998
      dvar set 2float -603.744
      dvar set 2float -760.41
      dvar set 2float 0.125002
      dvar set 2float -1057.75
      dvar set 2float -647.185
      dvar set 2float 0.124993
      dvar set 2float -1386.35
      dvar set 2float -220.124
      dvar set 2float 0.124789
      dvar set 2float -1752.69
      dvar set 2float -653.895
      dvar set 2float 0.120877
      dvar set 2float -2030.67
      dvar set 2float -819.765
      dvar set 2float 0.162402
      dvar set 2float -2322.91
      dvar set 2float -960.19
      dvar set 2float 0.125
      dvar set 2float -355.752
      dvar set 2float -1481.95
      dvar set 2float 0.124527
      dvar set 2float -453.696
      dvar set 2float -1862.38
      dvar set 2float 0.124527
      dvar set 2float -642.175
      dvar set 2float -1577.63
      dvar set 2float 0.124527
      dvar set 2float -893.911
      dvar set 2float -1577.81
      dvar set 2float 70.125
      dvar set 2float -1058.4
      dvar set 2float -1576.77
      dvar set 2float 142.125
      dvar set 2float -1191.29
      dvar set 2float -1574.85
      dvar set 2float 178.125
      dvar set 2float -1274.88
      dvar set 2float -1575.03
      dvar set 2float 226.125
      dvar set 2float -1396.35
      dvar set 2float -1571.34
      dvar set 2float 225.625
      dvar set 2float -1539.26
      dvar set 2float -1677.22
      dvar set 2float 225.625
      dvar set 2float -1665.87
      dvar set 2float -1562.36
      dvar set 2float 225.625
      dvar set 2float -1529.52
      dvar set 2float -1454.56
      dvar set 2float 0.124999
      dvar set 2float -726.331
      dvar set 2float -1231.78
      dvar set 2float 0.124906
      dvar set 2float -783.642
      dvar set 2float -1968.55
      dvar set 2float 0.124906
      dvar set 2float -914.008
      dvar set 2float -2298.44
      dvar set 2float 0.124648
      dvar set 2float -1259.26
      dvar set 2float -2155.97
      dvar set 2float 0.125
      dvar set 2float -1044.12
      dvar set 2float -1848.3
      dvar set 2float 0.125
      dvar set 2float -1502.55
      dvar set 2float -1899.24
      dvar set 2float 0.124982
      dvar set 2float -1118.06
      dvar set 2float -1251.19
      dvar set 2float 0.125
      dvar set 2float -1490.63
      dvar set 2float -1284.31
      dvar set 2float 0.125
      dvar set 2float -1941.44
      dvar set 2float -1441.96
      dvar set 2float 0.119913
      dvar set 2float -1766.53
      dvar set 2float -1748.35
      dvar set 2float 0.124998
      dvar set 2float -1848.85
      dvar set 2float -935.023
      dvar set 2float 0.214896
      dvar set 2float -2406.64
      dvar set 2float -630.905
      dvar set 2float 0.12457
      dvar set 2float -1589.18
      dvar set 2float -1151.06
      dvar set 2float 0.138182
      dvar set 2float -2226.95
      dvar set 2float -1174.69
      dvar set 2float 0.125001
      dvar set 2float -1250.54
      dvar set 2float -897.513
      dvar set 2float 0.124844
      dvar set 2float -1879.48
      dvar set 2float -442.302
      dvar set 2float 0.124992
      dvar set 2float -1719.77
      dvar set 2float 457.215
      dvar set 2float 0.124992
      dvar set 2float -1848.38
      dvar set 2float 680.53
      dvar set 2float 0.124992
      dvar set 2float -2233.7
      dvar set 2float 757.837
      dvar set 2float 0.124994
      dvar set 2float -2009.84
      dvar set 2float 1002.88
      dvar set 2float 0.124994
      dvar set 2float -1703.04
      dvar set 2float 963.773
      dvar set 2float 0.124994
      dvar set 2float -1452.42
      dvar set 2float 873.297
      dvar set 2float 0.124994
      dvar set 2float -1540.24
      dvar set 2float 596.142
      dvar set 2float 0.124993
      dvar set 2float -1449.51
      dvar set 2float 1141.24
      dvar set 2float 0.124993
      dvar set 2float -1634.17
      dvar set 2float 1283.26
      dvar set 2float 0.124993
      dvar set 2float -1838.71
      dvar set 2float 1120.64
      dvar set 2float 0.124993
      dvar set 2float -1165.01
      dvar set 2float 1014.66
      dvar set 2float 0.124998
      dvar set 2float 428.879
      dvar set 2float 1886.65
      dvar set 2float 158.795
      dvar set 2float -461.304
      dvar set 2float 1945.21
      dvar set 2float 200.125
      dvar set 2float -397.151
      dvar set 2float 2048.8
      dvar set 2float 200.125
      dvar set 2float -331.207
      dvar set 2float 2048.81
      dvar set 2float 343.432
      dvar set 2float -204.578
      dvar set 2float 2048.81
      dvar set 2float 377.861
      dvar set 2float -0.0752191
      dvar set 2float 2047.72
      dvar set 2float 343.527
      dvar set 2float 204.856
      dvar set 2float 2044.12
      dvar set 2float 199.606
      dvar set 2float 332.447
      dvar set 2float 2042.97
      dvar set 2float 171.008
      dvar set 2float 402.15
      dvar set 2float 1957.43
      dvar set 2float 227.518
      dvar set 2float 820.784
      dvar set 2float 4.93761
      dvar set 2float 296.286
      dvar set 2float 683.249
      dvar set 2float 1.89566
      dvar set 2float 12.125
      dvar set 2float 1398.74
      dvar set 2float 11.3301
      dvar set 2float 104.048
      dvar set 2float 1211.72
      dvar set 2float 4.52904
      dvar set 2float 180.125
      dvar set 2float 1062.89
      dvar set 2float 4.52109
      dvar set 2float 0.125
      dvar set 2float 1868.94
      dvar set 2float 432.264
      dvar set 2float 152.572
      dvar set 2float 1939.06
      dvar set 2float 412.875
      dvar set 2float 198.609
      dvar set 2float 2033.37
      dvar set 2float 337.744
      dvar set 2float 348.076
      dvar set 2float 2040.48
      dvar set 2float 195.654
      dvar set 2float 378.112
      dvar set 2float 2043.14
      dvar set 2float -2.18308
      dvar set 2float 319.71
      dvar set 2float 2058.79
      dvar set 2float -241.516
      dvar set 2float 199.493
      dvar set 2float 2055.62
      dvar set 2float -332.288
      dvar set 2float 162.441
      dvar set 2float 1948.81
      dvar set 2float -408.36
      dvar set 2float 0.125002
      dvar set 2float 426.72
      dvar set 2float -1882.44
      dvar set 2float 188.274
      dvar set 2float 386.193
      dvar set 2float -1986.28
      dvar set 2float 198.357
      dvar set 2float 340.212
      dvar set 2float -2029.44
      dvar set 2float 369.298
      dvar set 2float 135.011
      dvar set 2float -2042.94
      dvar set 2float 377.99
      dvar set 2float -1.95677
      dvar set 2float -2049.9
      dvar set 2float 348.742
      dvar set 2float -193.925
      dvar set 2float -2050.42
      dvar set 2float 200.012
      dvar set 2float -328.043
      dvar set 2float -2048.24
      dvar set 2float 168.017
      dvar set 2float -407.857
      dvar set 2float -1952.82
      dvar set 2float 168.281
      dvar set 2float -1953.08
      dvar set 2float -426.864
      dvar set 2float 199.136
      dvar set 2float -2036.94
      dvar set 2float -335.003
      dvar set 2float 351.209
      dvar set 2float -2046.95
      dvar set 2float -197.072
      dvar set 2float 378.359
      dvar set 2float -2047.46
      dvar set 2float -17.3447
      dvar set 2float 323.209
      dvar set 2float -2037.94
      dvar set 2float 228.781
      dvar set 2float 199.827
      dvar set 2float -2050.91
      dvar set 2float 329.19
      dvar set 2float 169.949
      dvar set 2float -1954.73
      dvar set 2float 376.322
      dvar set 2float 0.125001
      dvar set 2float -1874.9
      dvar set 2float 388.344
      dvar set 2float 216.125
      dvar set 2float -890.413
      dvar set 2float 0.0926567
      dvar set 2float 63.5399
      dvar set 2float -1292.74
      dvar set 2float 1.58606
      dvar set 2float 172.781
      dvar set 2float -1074.26
      dvar set 2float -1.0111
      dvar set 2float 216.125
      dvar set 2float -966.896
      dvar set 2float -1.02865
      dvar set 2float 268.125
      dvar set 2float -741.991
      dvar set 2float 2.92219
      dvar set 2float 340.198
      dvar set 2float -595.425
      dvar set 2float -0.156426
      dvar set 2float 400.125
      dvar set 2float -462.335
      dvar set 2float -0.271201
      dvar set 2float 0.125
      dvar set 2float -1547.91
      dvar set 2float -787.239
      dvar set 2float 0.126471
      dvar set 2float -2402.67
      dvar set 2float 435.947
      dvar set sv_iwds 1398987316 -77265645 -1033015839 -859491383 2026971875 -1347762074 94291723 2115322797 1043426064 -292863836 173489706 -1846635013 -1079795827 -1041447890 -715502781 489843315 499941093 309900900 -165391090 648005745 -1190209610 
      dvar set sv_iwdNames mp_surv_new_moon_lg weapons sound rotu_svr_mapscripts ccfg 2d jcod4x_00 iw_13 iw_12 iw_11 iw_10 iw_09 iw_08 iw_07 iw_06 iw_05 iw_04 iw_03 iw_02 iw_01 iw_00
      dvar set sv_referencedIwds -1190209610 499941093 -1347762074 -715502781 -165391090 648005745 309900900 489843315 1043426064 2115322797 1398987316 -77265645 -292863836 -1033015839 -859491383 2026971875 -1347762074 
      dvar set sv_referencedIwdNames main/iw_00 main/iw_04 mods/rotu-r-alpha/2d main/iw_06 main/iw_02 main/iw_01 main/iw_03 main/iw_05 main/iw_12 main/iw_13 usermaps/mp_surv_new_moon_lg/mp_surv_new_moon_lg mods/rotu-r-alpha/weapons main/iw_11 mods/rotu-r-alpha/sound mods/rotu-r-alpha/rotu_svr_mapscripts mods/rotu-r-alpha/ccfg mods/rotu-r-alpha/2d
      dvar set sv_referencedFFCheckSums 89196 29120579 27277592 13517381 396
      dvar set sv_referencedFFNames code_post_gfx_mp mods/rotu-r-alpha/mod usermaps/mp_surv_new_moon_lg common_mp usermaps/mp_surv_new_moon_lg_load
-----------------------------------
Huffman Took 4 Milliseconds
Connecting player #0 has an unknown GUID
Going from CS_FREE to CS_CONNECTED for  (num 0 guid "")
Unknown command "+scores"
      dvar set cl_updatefiles http://cod4update.cod4x.ovh/clupdate/get.php?f=cod4update mVtWt2tt/t0kdb6MgBJD2IOuO7Z9tPkqzHrLlLs4RqM1VeSHlyy/W1WY0hI+KxGVZfkDNolUcLUjz3/YM1EcO8mW7xaVMHL99+ueAa/PF1/3CKisk0+/B7nFZn9CLoVgn/7CuhOwWs2yHoExG7Ka8rZ3vec+4bCLnBsA2UO3AhCG1Wl5+FMrmNcQVRzfbnP302kt0c7ikTRpWxiXAl5eGAn7YMQFy+mxHPlaxmnv/QBnyO5YuXuKSVndMsh2G4XZGjq1cMKqwJhCoPGTgvLpPNLNtfCEuPUOPSjVK0woF6BcKbfnWpkQe7ElNWGlm/urPXS0j0NP5krE1pLQ7NsYBg==
      dvar set cl_updateversion 21.2
      dvar set cl_updateoldversion 21.2
Connecting to: filter.cod4x.ovh:80
Received packet 0 of stats data
Received packet 1 of stats data
Received packet 2 of stats data
Received packet 3 of stats data
Received packet 4 of stats data
Received packet 5 of stats data
Received packet 6 of stats data
quitting...
----- CL_Shutdown -----
-----------------------
----- Server Shutdown -----
==== ShutdownGame (1) ====
0:[H2H]*Sentimex EXE_DISCONNECTED
      dvar set sv_running 0
---------------------------
Unloaded fastfile mp_surv_new_moon_lg
Unloaded fastfile mp_surv_new_moon_lg_load
Unloaded fastfile localized_common_mp
Unloaded fastfile common_mp
Unloaded fastfile mod
Unloaded fastfile localized_code_post_gfx_mp
Unloaded fastfile code_post_gfx_mp
